<?xml version="1.0" encoding="UTF-8"?>
<!-- Generated by org.testng.reporters.JUnitXMLReporter -->
<testsuite ignored="0" hostname="LAPTOP-CNPB3TNK" failures="0" tests="3" name="Simple Test" time="4.327" errors="0" timestamp="2024-03-15T09:53:50 IST">
  <testcase classname="com.spree.Get_Default_Country" name="GET_GetDefaultCountry" time="1.941"/>
  <testcase classname="com.spree.Retrieve_a_Country" name="GET_GetDefaultCountry" time="1.019"/>
  <testcase classname="com.spree.Create_Refresh_Token" name="oAuth_Token" time="1.339"/>
</testsuite> <!-- Simple Test -->
