<?xml version="1.0" encoding="UTF-8"?>
<!-- Generated by org.testng.reporters.JUnitXMLReporter -->
<testsuite hostname="LAPTOP-CNPB3TNK" failures="0" tests="3" name="Smoke Test" time="4.284" errors="0" timestamp="15 Mar 2024 04:39:30 GMT">
  <testcase classname="com.spree.Get_Default_Country" name="GET_GetDefaultCountry" time="1.857"/>
  <testcase classname="com.spree.Retrieve_a_Country" name="GET_GetDefaultCountry" time="0.999"/>
  <testcase classname="com.spree.Create_Refresh_Token" name="oAuth_Token" time="1.421"/>
</testsuite> <!-- Smoke Test -->
