<?xml version="1.0" encoding="UTF-8"?>
<testng-results total="3" passed="3" failed="0" skipped="0">
  <reporter-output>
  </reporter-output>
  <suite started-at="2024-03-15T04:39:26Z" name="Batch test run" finished-at="2024-03-15T04:39:30Z" duration-ms="4284">
    <groups>
    </groups>
    <test started-at="2024-03-15T04:39:26Z" name="Smoke Test" finished-at="2024-03-15T04:39:30Z" duration-ms="4284">
      <class name="com.spree.Get_Default_Country">
        <test-method signature="GET_GetDefaultCountry()[pri:0, instance:com.spree.Get_Default_Country@42607a4f]" started-at="2024-03-15T10:09:26Z" name="GET_GetDefaultCountry" finished-at="2024-03-15T10:09:28Z" duration-ms="1857" status="PASS">
          <reporter-output>
          </reporter-output>
        </test-method> <!-- GET_GetDefaultCountry -->
      </class> <!-- com.spree.Get_Default_Country -->
      <class name="com.spree.Create_Refresh_Token">
        <test-method signature="oAuth_Token()[pri:0, instance:com.spree.Create_Refresh_Token@782663d3]" started-at="2024-03-15T10:09:29Z" name="oAuth_Token" finished-at="2024-03-15T10:09:30Z" duration-ms="1421" status="PASS">
          <reporter-output>
          </reporter-output>
        </test-method> <!-- oAuth_Token -->
      </class> <!-- com.spree.Create_Refresh_Token -->
      <class name="com.spree.Retrieve_a_Country">
        <test-method signature="GET_GetDefaultCountry()[pri:0, instance:com.spree.Retrieve_a_Country@289d1c02]" started-at="2024-03-15T10:09:28Z" name="GET_GetDefaultCountry" finished-at="2024-03-15T10:09:29Z" duration-ms="999" status="PASS">
          <reporter-output>
          </reporter-output>
        </test-method> <!-- GET_GetDefaultCountry -->
      </class> <!-- com.spree.Retrieve_a_Country -->
    </test> <!-- Smoke Test -->
  </suite> <!-- Batch test run -->
</testng-results>
