<?xml version="1.0" encoding="UTF-8"?>
<testng-results ignored="0" total="3" passed="3" failed="0" skipped="0">
  <reporter-output>
  </reporter-output>
  <suite started-at="2024-03-15T09:53:46 IST" name="Example test run" finished-at="2024-03-15T09:53:50 IST" duration-ms="4327">
    <groups>
    </groups>
    <test started-at="2024-03-15T09:53:46 IST" name="Simple Test" finished-at="2024-03-15T09:53:50 IST" duration-ms="4327">
      <class name="com.spree.Get_Default_Country">
        <test-method signature="GET_GetDefaultCountry()[pri:0, instance:com.spree.Get_Default_Country@6a370f4]" started-at="2024-03-15T09:53:46 IST" name="GET_GetDefaultCountry" finished-at="2024-03-15T09:53:48 IST" duration-ms="1941" status="PASS">
          <reporter-output>
          </reporter-output>
        </test-method> <!-- GET_GetDefaultCountry -->
      </class> <!-- com.spree.Get_Default_Country -->
      <class name="com.spree.Create_Refresh_Token">
        <test-method signature="oAuth_Token()[pri:0, instance:com.spree.Create_Refresh_Token@378542de]" started-at="2024-03-15T09:53:49 IST" name="oAuth_Token" finished-at="2024-03-15T09:53:50 IST" duration-ms="1339" status="PASS">
          <reporter-output>
          </reporter-output>
        </test-method> <!-- oAuth_Token -->
      </class> <!-- com.spree.Create_Refresh_Token -->
      <class name="com.spree.Retrieve_a_Country">
        <test-method signature="GET_GetDefaultCountry()[pri:0, instance:com.spree.Retrieve_a_Country@e7edb54]" started-at="2024-03-15T09:53:48 IST" name="GET_GetDefaultCountry" finished-at="2024-03-15T09:53:49 IST" duration-ms="1019" status="PASS">
          <reporter-output>
          </reporter-output>
        </test-method> <!-- GET_GetDefaultCountry -->
      </class> <!-- com.spree.Retrieve_a_Country -->
    </test> <!-- Simple Test -->
  </suite> <!-- Example test run -->
</testng-results>
